{"sessionId":"cae06b","runId":"pre-fix","hypothesisId":"H1_entry","location":"save_svg:entry","message":"save_svg enter","data":{"matlabRelease":"(R2025b)","useExportGraphics":false,"figVisible":"off","figRenderer":"opengl","background":"none","saveName":"Fig_AcceptanceRate_Bar"},"timestamp":1.775979145364E+12}
{"sessionId":"cae06b","runId":"pre-fix","hypothesisId":"H2_print_branch","location":"save_svg:before_print","message":"before print -dsvg","data":{"paperPosMode":"auto"},"timestamp":1.775979145368E+12}
{"sessionId":"cae06b","runId":"pre-fix","hypothesisId":"H3_after_ok","location":"save_svg:after_print","message":"after print -dsvg","data":{"seconds":0.7471117},"timestamp":1.775979146115E+12}
{"sessionId":"cae06b","runId":"pre-fix","hypothesisId":"H1_entry","location":"save_svg:entry","message":"save_svg enter","data":{"matlabRelease":"(R2025b)","useExportGraphics":false,"figVisible":"off","figRenderer":"opengl","background":"none","saveName":"Fig_avg_cpu_vs_Success"},"timestamp":1.775979147379E+12}
{"sessionId":"cae06b","runId":"pre-fix","hypothesisId":"H2_print_branch","location":"save_svg:before_print","message":"before print -dsvg","data":{"paperPosMode":"auto"},"timestamp":1.775979147382E+12}
{"sessionId":"cae06b","runId":"pre-fix","hypothesisId":"H3_after_ok","location":"save_svg:after_print","message":"after print -dsvg","data":{"seconds":0.5233603},"timestamp":1.775979147905E+12}
{"sessionId":"cae06b","runId":"pre-fix","hypothesisId":"H1_entry","location":"save_svg:entry","message":"save_svg enter","data":{"matlabRelease":"(R2025b)","useExportGraphics":false,"figVisible":"off","figRenderer":"opengl","background":"none","saveName":"Fig_avg_mem_vs_Success"},"timestamp":1.775979148168E+12}
{"sessionId":"cae06b","runId":"pre-fix","hypothesisId":"H2_print_branch","location":"save_svg:before_print","message":"before print -dsvg","data":{"paperPosMode":"auto"},"timestamp":1.775979148272E+12}
{"sessionId":"cae06b","runId":"pre-fix","hypothesisId":"H3_after_ok","location":"save_svg:after_print","message":"after print -dsvg","data":{"seconds":0.2374368},"timestamp":1.775979148509E+12}
{"sessionId":"cae06b","runId":"pre-fix","hypothesisId":"H1_entry","location":"save_svg:entry","message":"save_svg enter","data":{"matlabRelease":"(R2025b)","useExportGraphics":false,"figVisible":"off","figRenderer":"opengl","background":"none","saveName":"Fig_avg_bw_vs_Success"},"timestamp":1.775979148767E+12}
{"sessionId":"cae06b","runId":"pre-fix","hypothesisId":"H2_print_branch","location":"save_svg:before_print","message":"before print -dsvg","data":{"paperPosMode":"auto"},"timestamp":1.77597914877E+12}
{"sessionId":"cae06b","runId":"pre-fix","hypothesisId":"H3_after_ok","location":"save_svg:after_print","message":"after print -dsvg","data":{"seconds":0.7314139},"timestamp":1.775979149502E+12}
{"sessionId":"cae06b","runId":"pre-fix","hypothesisId":"H1_entry","location":"save_svg:entry","message":"save_svg enter","data":{"matlabRelease":"(R2025b)","useExportGraphics":false,"figVisible":"off","figRenderer":"opengl","background":"none","saveName":"Fig_avg_delay_vs_Success"},"timestamp":1.775979150735E+12}
{"sessionId":"cae06b","runId":"pre-fix","hypothesisId":"H2_print_branch","location":"save_svg:before_print","message":"before print -dsvg","data":{"paperPosMode":"auto"},"timestamp":1.775979150738E+12}
{"sessionId":"cae06b","runId":"pre-fix","hypothesisId":"H3_after_ok","location":"save_svg:after_print","message":"after print -dsvg","data":{"seconds":0.3390644},"timestamp":1.775979151077E+12}
{"sessionId":"cae06b","runId":"pre-fix","hypothesisId":"H1_entry","location":"save_svg:entry","message":"save_svg enter","data":{"matlabRelease":"(R2025b)","useExportGraphics":false,"figVisible":"off","figRenderer":"opengl","background":"none","saveName":"Fig_avg_slack_vs_Success"},"timestamp":1.775979151312E+12}
{"sessionId":"cae06b","runId":"pre-fix","hypothesisId":"H2_print_branch","location":"save_svg:before_print","message":"before print -dsvg","data":{"paperPosMode":"auto"},"timestamp":1.775979151314E+12}
{"sessionId":"cae06b","runId":"pre-fix","hypothesisId":"H3_after_ok","location":"save_svg:after_print","message":"after print -dsvg","data":{"seconds":0.9287333},"timestamp":1.775979152243E+12}
{"sessionId":"cae06b","runId":"pre-fix","hypothesisId":"H1_entry","location":"save_svg:entry","message":"save_svg enter","data":{"matlabRelease":"(R2025b)","useExportGraphics":false,"figVisible":"off","figRenderer":"opengl","background":"none","saveName":"Fig_BlockingRate"},"timestamp":1.775979152487E+12}
{"sessionId":"cae06b","runId":"pre-fix","hypothesisId":"H2_print_branch","location":"save_svg:before_print","message":"before print -dsvg","data":{"paperPosMode":"auto"},"timestamp":1.77597915249E+12}
{"sessionId":"cae06b","runId":"pre-fix","hypothesisId":"H3_after_ok","location":"save_svg:after_print","message":"after print -dsvg","data":{"seconds":0.5566516},"timestamp":1.775979153047E+12}
{"sessionId":"cae06b","runId":"pre-fix","hypothesisId":"H1_entry","location":"save_svg:entry","message":"save_svg enter","data":{"matlabRelease":"(R2025b)","useExportGraphics":false,"figVisible":"off","figRenderer":"opengl","background":"none","saveName":"Fig_CumulativeResourceConsume"},"timestamp":1.775979153429E+12}
{"sessionId":"cae06b","runId":"pre-fix","hypothesisId":"H2_print_branch","location":"save_svg:before_print","message":"before print -dsvg","data":{"paperPosMode":"auto"},"timestamp":1.775979153433E+12}
{"sessionId":"cae06b","runId":"pre-fix","hypothesisId":"H3_after_ok","location":"save_svg:after_print","message":"after print -dsvg","data":{"seconds":0.7180293},"timestamp":1.775979154151E+12}
{"sessionId":"cae06b","runId":"pre-fix","hypothesisId":"H1_entry","location":"save_svg:entry","message":"save_svg enter","data":{"matlabRelease":"(R2025b)","useExportGraphics":false,"figVisible":"off","figRenderer":"opengl","background":"none","saveName":"Fig_FailureDistribution"},"timestamp":1.775979154492E+12}
{"sessionId":"cae06b","runId":"pre-fix","hypothesisId":"H2_print_branch","location":"save_svg:before_print","message":"before print -dsvg","data":{"paperPosMode":"auto"},"timestamp":1.775979154495E+12}
{"sessionId":"cae06b","runId":"pre-fix","hypothesisId":"H3_after_ok","location":"save_svg:after_print","message":"after print -dsvg","data":{"seconds":0.5602748},"timestamp":1.775979155054E+12}
{"sessionId":"cae06b","runId":"pre-fix","hypothesisId":"H1_entry","location":"save_svg:entry","message":"save_svg enter","data":{"matlabRelease":"(R2025b)","useExportGraphics":false,"figVisible":"off","figRenderer":"opengl","background":"none","saveName":"Fig_VNFSharingGain_vs_Success"},"timestamp":1.775979155338E+12}
{"sessionId":"cae06b","runId":"pre-fix","hypothesisId":"H2_print_branch","location":"save_svg:before_print","message":"before print -dsvg","data":{"paperPosMode":"auto"},"timestamp":1.775979155341E+12}
{"sessionId":"cae06b","runId":"pre-fix","hypothesisId":"H3_after_ok","location":"save_svg:after_print","message":"after print -dsvg","data":{"seconds":1.069915},"timestamp":1.775979156411E+12}
